2024-05-02 13:21:50,558 [INFO] Activator:176 - 


2024-05-02 13:21:50,562 [INFO] Activator:177 - !SESSION log4j initialized
2024-05-02 13:21:53,609 [INFO] LogOutputStream:77 - [STDOUT_REDIRECT] 
2024-05-02 13:22:00,348 [INFO] ApplicationProperties:184 - Using Application install path: C:\ST\STM32CubeIDE_1.14.1\STM32CubeIDE\plugins\com.st.stm32cube.common.mx_6.10.0.202311202037
2024-05-02 13:22:00,363 [INFO] DbMcusXml:78 - Set database path to: C:\ST\STM32CubeIDE_1.14.1\STM32CubeIDE\plugins\com.st.stm32cube.common.mx_6.10.0.202311202037\\db\/mcu/
2024-05-02 13:22:00,363 [INFO] ApiDb:274 - Set plugin database path to: C:\ST\STM32CubeIDE_1.14.1\STM32CubeIDE\plugins\com.st.stm32cube.common.mx_6.10.0.202311202037\\db\/plugins/boardmanager/
2024-05-02 13:22:00,363 [WARN] ApiDb:259 - Overriding images path with different value:  => C:\ST\STM32CubeIDE_1.14.1\STM32CubeIDE\plugins\com.st.stm32cube.common.mx_6.10.0.202311202037\\db\/plugins/mcufinder/images/
2024-05-02 13:22:00,369 [INFO] ApiDb:250 - Set database path to: C:\Users\chris\.stmcufinder\plugins\mcufinder//mcu/
2024-05-02 13:22:00,370 [INFO] DbMcusAds:125 - Set database path to: C:\Users\chris\.stmcufinder\plugins\mcufinder//mcu/
2024-05-02 13:22:00,371 [INFO] CrossReferenceDbSqlite:203 - Set database path to: C:\Users\chris\.stmcufinder\plugins\mcufinder//mcu/cs/
2024-05-02 13:22:00,473 [INFO] RulesReader:64 - Compatibility file has been processed (297 Rules)
2024-05-02 13:22:00,558 [INFO] DbMcusXml:78 - Set database path to: C:\ST\STM32CubeIDE_1.14.1\STM32CubeIDE\plugins\com.st.stm32cube.common.mx_6.10.0.202311202037\\db\/mcu/
2024-05-02 13:22:00,558 [INFO] ApiDb:274 - Set plugin database path to: C:\ST\STM32CubeIDE_1.14.1\STM32CubeIDE\plugins\com.st.stm32cube.common.mx_6.10.0.202311202037\\db\/plugins/boardmanager/
2024-05-02 13:22:00,559 [INFO] ApiDb:261 - Set plugin images path to: C:\ST\STM32CubeIDE_1.14.1\STM32CubeIDE\plugins\com.st.stm32cube.common.mx_6.10.0.202311202037\\db\/plugins/mcufinder/images/
2024-05-02 13:22:00,559 [WARN] DbFile:41 - Overriding database path with different value: C:\Users\chris\.stmcufinder\plugins\mcufinder/ => C:\Users\chris\.stmcufinder\plugins\mcufinder
2024-05-02 13:22:00,559 [INFO] ApiDb:250 - Set database path to: C:\Users\chris\.stmcufinder\plugins\mcufinder//mcu/
2024-05-02 13:22:00,559 [WARN] DbFile:41 - Overriding database path with different value: C:\Users\chris\.stmcufinder\plugins\mcufinder/ => C:\Users\chris\.stmcufinder\plugins\mcufinder
2024-05-02 13:22:00,559 [INFO] DbMcusAds:125 - Set database path to: C:\Users\chris\.stmcufinder\plugins\mcufinder//mcu/
2024-05-02 13:22:00,559 [WARN] DbFile:41 - Overriding database path with different value: C:\Users\chris\.stmcufinder\plugins\mcufinder/ => C:\Users\chris\.stmcufinder\plugins\mcufinder
2024-05-02 13:22:00,559 [WARN] DbFile:41 - Overriding database path with different value: C:\Users\chris\.stmcufinder\plugins\mcufinder/ => C:\Users\chris\.stmcufinder\plugins\mcufinder
2024-05-02 13:22:00,559 [INFO] CrossReferenceDbSqlite:203 - Set database path to: C:\Users\chris\.stmcufinder\plugins\mcufinder//mcu/cs/
2024-05-02 13:22:00,625 [INFO] MainPanel:264 - HeapMemory: 268435456
2024-05-02 13:22:00,716 [INFO] DbMcusXml:78 - Set database path to: C:\ST\STM32CubeIDE_1.14.1\STM32CubeIDE\plugins\com.st.stm32cube.common.mx_6.10.0.202311202037\\db\/mcu/
2024-05-02 13:22:00,716 [INFO] ApiDb:274 - Set plugin database path to: C:\ST\STM32CubeIDE_1.14.1\STM32CubeIDE\plugins\com.st.stm32cube.common.mx_6.10.0.202311202037\\db\/plugins/boardmanager/
2024-05-02 13:22:00,716 [INFO] ApiDb:261 - Set plugin images path to: C:\ST\STM32CubeIDE_1.14.1\STM32CubeIDE\plugins\com.st.stm32cube.common.mx_6.10.0.202311202037\\db\/plugins/mcufinder/images/
2024-05-02 13:22:00,716 [WARN] DbFile:41 - Overriding database path with different value: C:\Users\chris\.stmcufinder\plugins\mcufinder/ => C:\Users\chris\.stmcufinder\plugins\mcufinder
2024-05-02 13:22:00,716 [INFO] ApiDb:250 - Set database path to: C:\Users\chris\.stmcufinder\plugins\mcufinder//mcu/
2024-05-02 13:22:00,716 [WARN] DbFile:41 - Overriding database path with different value: C:\Users\chris\.stmcufinder\plugins\mcufinder/ => C:\Users\chris\.stmcufinder\plugins\mcufinder
2024-05-02 13:22:00,716 [INFO] DbMcusAds:125 - Set database path to: C:\Users\chris\.stmcufinder\plugins\mcufinder//mcu/
2024-05-02 13:22:00,716 [WARN] DbFile:41 - Overriding database path with different value: C:\Users\chris\.stmcufinder\plugins\mcufinder/ => C:\Users\chris\.stmcufinder\plugins\mcufinder
2024-05-02 13:22:00,717 [WARN] DbFile:41 - Overriding database path with different value: C:\Users\chris\.stmcufinder\plugins\mcufinder/ => C:\Users\chris\.stmcufinder\plugins\mcufinder
2024-05-02 13:22:00,717 [INFO] CrossReferenceDbSqlite:203 - Set database path to: C:\Users\chris\.stmcufinder\plugins\mcufinder//mcu/cs/
2024-05-02 13:22:00,733 [INFO] ApplicationProperties:184 - Using Application install path: C:\ST\STM32CubeIDE_1.14.1\STM32CubeIDE\plugins\com.st.stm32cube.common.mx_6.10.0.202311202037
2024-05-02 13:22:00,734 [INFO] PluginManage:196 - Search for loadable plugins [exclusion list=, ]
2024-05-02 13:22:00,735 [INFO] PluginManage:310 - Check plugin analytics
2024-05-02 13:22:05,839 [INFO] AnalyticsPlugin:253 - Accepted Software Licenses: STM32CubeMX.6.10.0
2024-05-02 13:22:05,839 [INFO] AnalyticsPlugin:255 - Accepted CMSIS Pack Licenses: STMicroelectronics.X-CUBE-FREERTOS.1.1.0
2024-05-02 13:22:05,839 [INFO] AnalyticsPlugin:257 - Accepted Firmware Licenses: FW.C0.1.1.0
2024-05-02 13:22:05,841 [INFO] PluginManage:359 - Loaded plugin analytics (category:tool,tabindex:-1)
2024-05-02 13:22:05,842 [INFO] PluginManage:310 - Check plugin cadmodel
2024-05-02 13:22:05,855 [INFO] CADModel:105 - Init CAD model plugin
2024-05-02 13:22:05,855 [INFO] PluginManage:359 - Loaded plugin cadmodel (category:power,tabindex:5)
2024-05-02 13:22:05,855 [INFO] PluginManage:310 - Check plugin clock
2024-05-02 13:22:05,872 [INFO] PluginManage:359 - Loaded plugin clock (category:base,tabindex:2)
2024-05-02 13:22:05,872 [INFO] PluginManage:310 - Check plugin ddr
2024-05-02 13:22:05,874 [INFO] PluginManage:359 - Loaded plugin ddr (category:tool,tabindex:6)
2024-05-02 13:22:05,874 [INFO] PluginManage:310 - Check plugin filemanager
2024-05-02 13:22:05,979 [INFO] PluginManage:359 - Loaded plugin filemanager (category:base,tabindex:10)
2024-05-02 13:22:05,979 [INFO] PluginManage:310 - Check plugin ipmanager
2024-05-02 13:22:05,984 [INFO] PluginManage:359 - Loaded plugin ipmanager (category:base,tabindex:5)
2024-05-02 13:22:05,984 [INFO] PluginManage:310 - Check plugin lpbam
2024-05-02 13:22:05,997 [INFO] PluginManage:359 - Loaded plugin lpbam (category:base,tabindex:0)
2024-05-02 13:22:05,997 [INFO] PluginManage:310 - Check plugin memorymap
2024-05-02 13:22:06,016 [INFO] PluginManage:359 - Loaded plugin memorymap (category:base,tabindex:4)
2024-05-02 13:22:06,016 [INFO] PluginManage:310 - Check plugin pinoutandconfiguration
2024-05-02 13:22:06,030 [INFO] PluginManage:359 - Loaded plugin pinoutandconfiguration (category:base,tabindex:1)
2024-05-02 13:22:06,030 [INFO] PluginManage:310 - Check plugin pinoutconfig
2024-05-02 13:22:06,126 [WARN] SupportedApi:132 - Cannot load RTOS API schema: s4s-elt-must-match.1: The content of 'definitions' must match (annotation?, (simpleType | complexType)?, (unique | key | keyref)*)). A problem was found starting at: attribute.
2024-05-02 13:22:06,227 [INFO] PluginManage:359 - Loaded plugin pinoutconfig (category:base,tabindex:0)
2024-05-02 13:22:06,228 [INFO] PluginManage:310 - Check plugin power
2024-05-02 13:22:06,245 [INFO] PluginManage:359 - Loaded plugin power (category:power,tabindex:4)
2024-05-02 13:22:06,245 [INFO] PluginManage:310 - Check plugin projectmanager
2024-05-02 13:22:06,257 [INFO] PluginManage:359 - Loaded plugin projectmanager (category:projectmanager,tabindex:3)
2024-05-02 13:22:06,257 [INFO] PluginManage:310 - Check plugin thirdparty
2024-05-02 13:22:06,458 [INFO] PluginManage:359 - Loaded plugin thirdparty (category:base,tabindex:-1)
2024-05-02 13:22:06,458 [WARN] IntegrityCheckThread:84 - waiting for thirdparty lock release [integrity check]
2024-05-02 13:22:06,458 [INFO] PluginManage:310 - Check plugin tools
2024-05-02 13:22:06,458 [INFO] IntegrityCheckThread:86 - entering critical section [integrity check]
2024-05-02 13:22:06,459 [INFO] ThirdPartyUpdaterWithRetryManager:70 - Updater plugin not ready yet. [1/15]
2024-05-02 13:22:06,484 [INFO] PluginManage:359 - Loaded plugin tools (category:base,tabindex:7)
2024-05-02 13:22:06,485 [INFO] PluginManage:310 - Check plugin tutovideos
2024-05-02 13:22:06,648 [INFO] PluginManage:359 - Loaded plugin tutovideos (category:base,tabindex:-1)
2024-05-02 13:22:06,648 [INFO] PluginManage:310 - Check plugin updater
2024-05-02 13:22:06,657 [INFO] PluginManage:359 - Loaded plugin updater (category:base,tabindex:12)
2024-05-02 13:22:06,657 [INFO] PluginManage:310 - Check plugin userauth
2024-05-02 13:22:06,661 [INFO] UserAuth:114 - Init User Auth plugin
2024-05-02 13:22:06,662 [INFO] PluginManage:359 - Loaded plugin userauth (category:base,tabindex:14)
2024-05-02 13:22:06,662 [INFO] PluginManage:283 - PluginManage : Loaded plugins [17]
2024-05-02 13:22:06,830 [INFO] PinOutPanel:1499 - setPackage(No Configuration,No Configuration)
2024-05-02 13:22:06,890 [INFO] CADModel:165 - CPN selected for project level
2024-05-02 13:22:06,890 [INFO] CADModel:114 - Register for checkConnection events
2024-05-02 13:22:06,912 [INFO] IPUIPlugin:80 - create IPUIPlugin
2024-05-02 13:22:06,912 [INFO] PluginManager:220 - loadIPPluginJar : add adc
2024-05-02 13:22:06,941 [INFO] IPUIPlugin:80 - create IPUIPlugin
2024-05-02 13:22:06,941 [INFO] PluginManager:220 - loadIPPluginJar : add aes
2024-05-02 13:22:06,973 [INFO] IPUIPlugin:80 - create IPUIPlugin
2024-05-02 13:22:06,973 [INFO] PluginManager:220 - loadIPPluginJar : add can
2024-05-02 13:22:06,992 [INFO] IPUIPlugin:80 - create IPUIPlugin
2024-05-02 13:22:06,992 [INFO] PluginManager:220 - loadIPPluginJar : add comp
2024-05-02 13:22:07,018 [INFO] IPUIPlugin:80 - create IPUIPlugin
2024-05-02 13:22:07,018 [INFO] PluginManager:220 - loadIPPluginJar : add cryp
2024-05-02 13:22:07,040 [INFO] IPUIPlugin:80 - create IPUIPlugin
2024-05-02 13:22:07,040 [INFO] PluginManager:220 - loadIPPluginJar : add dfsdm
2024-05-02 13:22:07,051 [INFO] IPUIPlugin:80 - create IPUIPlugin
2024-05-02 13:22:07,052 [INFO] PluginManager:220 - loadIPPluginJar : add dma
2024-05-02 13:22:07,085 [INFO] IPUIPlugin:80 - create IPUIPlugin
2024-05-02 13:22:07,085 [INFO] PluginManager:220 - loadIPPluginJar : add dma3
2024-05-02 13:22:07,101 [INFO] IPUIPlugin:80 - create IPUIPlugin
2024-05-02 13:22:07,101 [INFO] PluginManager:220 - loadIPPluginJar : add fatfs
2024-05-02 13:22:07,139 [INFO] IPUIPlugin:80 - create IPUIPlugin
2024-05-02 13:22:07,139 [INFO] PluginManager:220 - loadIPPluginJar : add fmc
2024-05-02 13:22:07,152 [INFO] IPUIPlugin:80 - create IPUIPlugin
2024-05-02 13:22:07,152 [INFO] PluginManager:220 - loadIPPluginJar : add freertos
2024-05-02 13:22:07,168 [INFO] IPUIPlugin:80 - create IPUIPlugin
2024-05-02 13:22:07,169 [INFO] PluginManager:220 - loadIPPluginJar : add genericplugin
2024-05-02 13:22:07,236 [INFO] IPUIPlugin:80 - create IPUIPlugin
2024-05-02 13:22:07,236 [INFO] PluginManager:220 - loadIPPluginJar : add gfxmmu
2024-05-02 13:22:07,340 [INFO] IPUIPlugin:80 - create IPUIPlugin
2024-05-02 13:22:07,340 [INFO] PluginManager:220 - loadIPPluginJar : add gic
2024-05-02 13:22:07,350 [INFO] IPUIPlugin:80 - create IPUIPlugin
2024-05-02 13:22:07,350 [INFO] PluginManager:220 - loadIPPluginJar : add gpio
2024-05-02 13:22:07,425 [INFO] IPUIPlugin:80 - create IPUIPlugin
2024-05-02 13:22:07,425 [INFO] PluginManager:220 - loadIPPluginJar : add gtzc
2024-05-02 13:22:07,427 [INFO] IPUIPlugin:80 - create IPUIPlugin
2024-05-02 13:22:07,427 [INFO] PluginManager:220 - loadIPPluginJar : add hash
2024-05-02 13:22:07,471 [INFO] IPUIPlugin:80 - create IPUIPlugin
2024-05-02 13:22:07,471 [INFO] PluginManager:220 - loadIPPluginJar : add i2c
2024-05-02 13:22:07,500 [INFO] IPUIPlugin:80 - create IPUIPlugin
2024-05-02 13:22:07,500 [INFO] PluginManager:220 - loadIPPluginJar : add i2s
2024-05-02 13:22:07,532 [INFO] IPUIPlugin:80 - create IPUIPlugin
2024-05-02 13:22:07,532 [INFO] PluginManager:220 - loadIPPluginJar : add i3c
2024-05-02 13:22:07,625 [INFO] IPUIPlugin:80 - create IPUIPlugin
2024-05-02 13:22:07,625 [INFO] PluginManager:220 - loadIPPluginJar : add ipddr
2024-05-02 13:22:07,703 [INFO] IPUIPlugin:80 - create IPUIPlugin
2024-05-02 13:22:07,703 [INFO] PluginManager:220 - loadIPPluginJar : add linkedlist
2024-05-02 13:22:07,706 [INFO] IPUIPlugin:80 - create IPUIPlugin
2024-05-02 13:22:07,706 [INFO] PluginManager:220 - loadIPPluginJar : add lorawan
2024-05-02 13:22:07,735 [INFO] IPUIPlugin:80 - create IPUIPlugin
2024-05-02 13:22:07,735 [INFO] PluginManager:220 - loadIPPluginJar : add ltdc
2024-05-02 13:22:07,747 [INFO] IPUIPlugin:80 - create IPUIPlugin
2024-05-02 13:22:07,747 [INFO] PluginManager:220 - loadIPPluginJar : add mdma
2024-05-02 13:22:07,758 [INFO] IPUIPlugin:80 - create IPUIPlugin
2024-05-02 13:22:07,758 [INFO] PluginManager:220 - loadIPPluginJar : add nvic
2024-05-02 13:22:07,787 [INFO] IPUIPlugin:80 - create IPUIPlugin
2024-05-02 13:22:07,787 [INFO] PluginManager:220 - loadIPPluginJar : add opamp
2024-05-02 13:22:07,834 [INFO] IPUIPlugin:80 - create IPUIPlugin
2024-05-02 13:22:07,834 [INFO] PluginManager:220 - loadIPPluginJar : add openamp
2024-05-02 13:22:07,867 [INFO] IPUIPlugin:80 - create IPUIPlugin
2024-05-02 13:22:07,867 [INFO] PluginManager:220 - loadIPPluginJar : add pdm2pcm
2024-05-02 13:22:07,878 [INFO] IPUIPlugin:80 - create IPUIPlugin
2024-05-02 13:22:07,880 [INFO] PluginManager:220 - loadIPPluginJar : add plateformsettings
2024-05-02 13:22:07,897 [INFO] IPUIPlugin:80 - create IPUIPlugin
2024-05-02 13:22:07,897 [INFO] PluginManager:220 - loadIPPluginJar : add quadspi
2024-05-02 13:22:07,909 [INFO] IPUIPlugin:80 - create IPUIPlugin
2024-05-02 13:22:07,909 [INFO] PluginManager:220 - loadIPPluginJar : add resmgrutility
2024-05-02 13:22:07,951 [INFO] IPUIPlugin:80 - create IPUIPlugin
2024-05-02 13:22:07,951 [INFO] PluginManager:220 - loadIPPluginJar : add sai
2024-05-02 13:22:07,981 [INFO] IPUIPlugin:80 - create IPUIPlugin
2024-05-02 13:22:07,982 [INFO] PluginManager:220 - loadIPPluginJar : add spi
2024-05-02 13:22:08,041 [INFO] IPUIPlugin:80 - create IPUIPlugin
2024-05-02 13:22:08,041 [INFO] PluginManager:220 - loadIPPluginJar : add stm32_wpan
2024-05-02 13:22:08,059 [INFO] IPUIPlugin:80 - create IPUIPlugin
2024-05-02 13:22:08,059 [INFO] PluginManager:220 - loadIPPluginJar : add tim
2024-05-02 13:22:08,103 [INFO] IPUIPlugin:80 - create IPUIPlugin
2024-05-02 13:22:08,104 [INFO] PluginManager:220 - loadIPPluginJar : add touchsensing
2024-05-02 13:22:08,121 [INFO] IPUIPlugin:80 - create IPUIPlugin
2024-05-02 13:22:08,121 [INFO] PluginManager:220 - loadIPPluginJar : add tracer_emb
2024-05-02 13:22:08,137 [INFO] IPUIPlugin:80 - create IPUIPlugin
2024-05-02 13:22:08,138 [INFO] PluginManager:220 - loadIPPluginJar : add ts
2024-05-02 13:22:08,155 [INFO] IPUIPlugin:80 - create IPUIPlugin
2024-05-02 13:22:08,155 [INFO] PluginManager:220 - loadIPPluginJar : add tsc
2024-05-02 13:22:08,172 [INFO] IPUIPlugin:80 - create IPUIPlugin
2024-05-02 13:22:08,172 [INFO] PluginManager:220 - loadIPPluginJar : add ucpd
2024-05-02 13:22:08,207 [INFO] IPUIPlugin:80 - create IPUIPlugin
2024-05-02 13:22:08,207 [INFO] PluginManager:220 - loadIPPluginJar : add usart
2024-05-02 13:22:08,243 [INFO] IPUIPlugin:80 - create IPUIPlugin
2024-05-02 13:22:08,243 [INFO] PluginManager:220 - loadIPPluginJar : add usbx
2024-05-02 13:22:08,357 [INFO] CADModel:165 - CPN selected for project level
2024-05-02 13:22:08,357 [INFO] CADModel:114 - Register for checkConnection events
2024-05-02 13:22:08,357 [FATAL] Updater:308 - Updater called before beeing initialized
2024-05-02 13:22:08,357 [ERROR] CADModel:125 - Updater not yet initialized, retry later 
2024-05-02 13:22:08,479 [INFO] CADModel:165 - CPN selected for project level
2024-05-02 13:22:08,479 [INFO] CADModel:114 - Register for checkConnection events
2024-05-02 13:22:08,479 [FATAL] Updater:308 - Updater called before beeing initialized
2024-05-02 13:22:08,479 [ERROR] CADModel:125 - Updater not yet initialized, retry later 
2024-05-02 13:22:08,482 [FATAL] Updater:308 - Updater called before beeing initialized
2024-05-02 13:22:08,569 [FATAL] Updater:308 - Updater called before beeing initialized
2024-05-02 13:22:08,579 [INFO] DbMcusAds:53 - JSON generation date=Wed Nov 29 11:52:27 CET 2023 (1701255147349)
2024-05-02 13:22:08,580 [FATAL] Updater:308 - Updater called before beeing initialized
2024-05-02 13:22:08,649 [WARN] DetailPanel:346 - Failed to get advertising image, set to default
2024-05-02 13:22:08,732 [FATAL] Updater:308 - Updater called before beeing initialized
2024-05-02 13:22:08,733 [FATAL] Updater:308 - Updater called before beeing initialized
2024-05-02 13:22:08,733 [FATAL] Updater:308 - Updater called before beeing initialized
2024-05-02 13:22:08,733 [WARN] DetailPanel:346 - Failed to get advertising image, set to default
2024-05-02 13:22:08,734 [FATAL] Updater:308 - Updater called before beeing initialized
2024-05-02 13:22:08,789 [ERROR] Updater:1120 - MainUpdater not yet initialized. External WinMGr cannot be set.
2024-05-02 13:22:08,800 [INFO] Updater:1056 - Updater Version found : 6.10.0
2024-05-02 13:22:08,818 [INFO] ApplicationProperties:184 - Using Application install path: C:\ST\STM32CubeIDE_1.14.1\STM32CubeIDE\plugins\com.st.stm32cube.common.mx_6.10.0.202311202037
2024-05-02 13:22:09,124 [INFO] MainUpdater:2873 - connection check result : 10
2024-05-02 13:22:09,124 [INFO] MainUpdater:290 - Updater Check For Update Now.
2024-05-02 13:22:09,125 [INFO] MicroXplorer:498 - Change Database Version : DB.6.0.100
2024-05-02 13:22:09,141 [INFO] McuFinderGlobals:63 - Set McuFinder mode to 2 (CubeIDE integrated)
2024-05-02 13:22:09,317 [INFO] CheckServerUpdateThread:120 - End of CheckServer Thread
2024-05-02 13:22:09,327 [INFO] UserAuth:404 - Internet connection configuration mode: 1
2024-05-02 13:22:09,348 [INFO] JxBrowserEngine:152 - Initiate JxBrowser Engine with user profile folder
2024-05-02 13:22:09,580 [WARN] PackLoader:240 - Cannot read IP mode file for STMicroelectronics.FP-SNS-MOTENVWB1.1.4.0
2024-05-02 13:22:09,596 [WARN] PackLoader:240 - Cannot read IP mode file for STMicroelectronics.X-CUBE-SMBUS.2.1.0
2024-05-02 13:22:09,601 [WARN] PackLoader:240 - Cannot read IP mode file for STMicroelectronics.X-CUBE-TOUCHGFX.4.23.1
2024-05-02 13:22:09,615 [WARN] PackLoader:240 - Cannot read IP mode file for STMicroelectronics.X-CUBE-TOUCHGFX.4.23.0
2024-05-02 13:22:09,617 [WARN] PackLoader:240 - Cannot read IP mode file for STMicroelectronics.X-CUBE-TOUCHGFX.4.23.2
2024-05-02 13:22:09,650 [WARN] PackLoader:240 - Cannot read IP mode file for STMicroelectronics.X-CUBE-AZRTOS-F7.1.1.0
2024-05-02 13:22:09,661 [WARN] PackLoader:240 - Cannot read IP mode file for STMicroelectronics.FP-SNS-MOTENV1.4.3.2
2024-05-02 13:22:09,667 [WARN] PackLoader:240 - Cannot read IP mode file for STMicroelectronics.FP-SNS-FLIGHT1.5.0.2
2024-05-02 13:22:09,677 [WARN] PackLoader:240 - Cannot read IP mode file for STMicroelectronics.X-CUBE-DISPLAY.3.0.0
2024-05-02 13:22:09,694 [WARN] PackLoader:240 - Cannot read IP mode file for STMicroelectronics.X-CUBE-BLE1.7.0.0
2024-05-02 13:22:09,700 [WARN] PackLoader:240 - Cannot read IP mode file for emotas.I-CUBE-CANOPEN.1.3.0
2024-05-02 13:22:09,713 [WARN] PackLoader:240 - Cannot read IP mode file for STMicroelectronics.X-CUBE-BLEMGR.3.1.0
2024-05-02 13:22:09,720 [WARN] PackLoader:240 - Cannot read IP mode file for STMicroelectronics.FP-SNS-SMARTAG2.1.2.0
2024-05-02 13:22:09,727 [INFO] LogOutputStream:77 - [STDOUT_REDIRECT] 1 : Invalid condition id : UX_CORESTACK_Condition cause : null
2024-05-02 13:22:09,729 [INFO] LogOutputStream:77 - [STDOUT_REDIRECT] 1 : Invalid condition id : UX_CORESTACK_Condition cause : null
2024-05-02 13:22:09,730 [INFO] LogOutputStream:77 - [STDOUT_REDIRECT] 1 : Invalid condition id : UX_CORESTACK_Condition cause : null
2024-05-02 13:22:09,731 [INFO] LogOutputStream:77 - [STDOUT_REDIRECT] 1 : Invalid condition id : UX_CORESTACK_Condition cause : null
2024-05-02 13:22:09,733 [INFO] LogOutputStream:77 - [STDOUT_REDIRECT] 1 : Invalid condition id : UX_CORESTACK_Condition cause : null
2024-05-02 13:22:09,737 [WARN] PackLoader:240 - Cannot read IP mode file for STMicroelectronics.X-CUBE-AZRTOS-WL.2.0.0
2024-05-02 13:22:09,742 [WARN] PackLoader:240 - Cannot read IP mode file for STMicroelectronics.FP-SNS-MOTENV1.5.0.0
2024-05-02 13:22:09,753 [WARN] PackLoader:240 - Cannot read IP mode file for WES.I-CUBE-Cesium.1.3.0
2024-05-02 13:22:09,757 [WARN] PackLoader:240 - Cannot read IP mode file for STMicroelectronics.X-CUBE-BLE2.3.3.0
2024-05-02 13:22:09,762 [WARN] PackLoader:240 - Cannot read IP mode file for STMicroelectronics.X-CUBE-TCPP.4.1.0
2024-05-02 13:22:09,769 [WARN] PackLoader:240 - Cannot read IP mode file for STMicroelectronics.X-CUBE-ALGOBUILD.1.3.0
2024-05-02 13:22:09,784 [WARN] PackLoader:240 - Cannot read IP mode file for STMicroelectronics.X-CUBE-AZRTOS-G0.1.1.0
2024-05-02 13:22:09,792 [WARN] PackLoader:240 - Cannot read IP mode file for STMicroelectronics.X-CUBE-SAFEA1.1.2.2
2024-05-02 13:22:09,798 [WARN] PackLoader:240 - Cannot read IP mode file for STMicroelectronics.X-CUBE-NFC4.3.0.0
2024-05-02 13:22:09,810 [WARN] PackLoader:240 - Cannot read IP mode file for STMicroelectronics.X-CUBE-BLEMGR.3.0.0
2024-05-02 13:22:09,815 [WARN] PackLoader:240 - Cannot read IP mode file for STMicroelectronics.FP-ATR-SIGFOX1.3.2.0
2024-05-02 13:22:09,820 [WARN] PackLoader:240 - Cannot read IP mode file for STMicroelectronics.X-CUBE-EEPRMA1.5.1.0
2024-05-02 13:22:09,868 [WARN] PackLoader:240 - Cannot read IP mode file for SEGGER.I-CUBE-embOS.1.3.1
2024-05-02 13:22:09,904 [WARN] PackLoader:240 - Cannot read IP mode file for STMicroelectronics.X-CUBE-GNSS1.6.0.0
2024-05-02 13:22:09,917 [WARN] PackLoader:240 - Cannot read IP mode file for STMicroelectronics.X-CUBE-AZRTOS-F4.1.1.0
2024-05-02 13:22:09,922 [WARN] PackLoader:240 - Cannot read IP mode file for STMicroelectronics.X-CUBE-FREERTOS.1.2.0
2024-05-02 13:22:09,925 [WARN] PackLoader:240 - Cannot read IP mode file for wolfSSL.I-CUBE-wolfSSL.5.6.6
2024-05-02 13:22:09,945 [WARN] PackLoader:240 - Cannot read IP mode file for STMicroelectronics.X-CUBE-AZRTOS-L5.2.0.0
2024-05-02 13:22:09,955 [WARN] PackLoader:240 - Cannot read IP mode file for STMicroelectronics.X-CUBE-NFC6.3.1.0
2024-05-02 13:22:09,962 [WARN] PackLoader:240 - Cannot read IP mode file for ITTIA_DB.I-CUBE-ITTIADB.8.8.0
2024-05-02 13:22:09,966 [WARN] PackLoader:240 - Cannot read IP mode file for STMicroelectronics.X-CUBE-AI.9.0.0
2024-05-02 13:22:09,971 [WARN] PackLoader:240 - Cannot read IP mode file for STMicroelectronics.X-CUBE-NFC7.1.0.1
2024-05-02 13:22:09,991 [WARN] PackLoader:240 - Cannot read IP mode file for STMicroelectronics.X-CUBE-NFC6.3.0.0
2024-05-02 13:22:09,996 [WARN] PackLoader:240 - Cannot read IP mode file for STMicroelectronics.X-CUBE-AI.8.1.0
2024-05-02 13:22:10,015 [WARN] ConditionMgr:438 - getConditionDescription Invalid condition id : LAN8742 Phy interface Condition cause : null
2024-05-02 13:22:10,016 [WARN] PackLoader:240 - Cannot read IP mode file for STMicroelectronics.X-CUBE-AZRTOS-L4.2.0.0
2024-05-02 13:22:10,017 [WARN] ConditionMgr:1039 - genDependencies : Invalid condition id : LAN8742 Phy interface Condition cause : null
2024-05-02 13:22:10,017 [WARN] ConditionMgr:1039 - genDependencies : Invalid condition id : LAN8742 Phy interface Condition cause : null
2024-05-02 13:22:10,017 [WARN] ConditionMgr:1039 - genDependencies : Invalid condition id : LAN8742 Phy interface Condition cause : null
2024-05-02 13:22:10,023 [WARN] PackLoader:240 - Cannot read IP mode file for STMicroelectronics.X-CUBE-SFXS2LP1.4.0.0
2024-05-02 13:22:10,032 [WARN] ConditionMgr:438 - getConditionDescription Invalid condition id : UX DEVICE CLASS RTOS Condition cause : null
2024-05-02 13:22:10,032 [WARN] ConditionMgr:438 - getConditionDescription Invalid condition id : UX DEVICE CLASS RTOS Condition cause : null
2024-05-02 13:22:10,034 [WARN] PackLoader:240 - Cannot read IP mode file for STMicroelectronics.X-CUBE-AZRTOS-WB.2.0.0
2024-05-02 13:22:10,034 [WARN] ConditionMgr:1039 - genDependencies : Invalid condition id : UX DEVICE CLASS RTOS Condition cause : null
2024-05-02 13:22:10,034 [WARN] ConditionMgr:1039 - genDependencies : Invalid condition id : UX DEVICE CLASS RTOS Condition cause : null
2024-05-02 13:22:10,035 [WARN] ConditionMgr:1039 - genDependencies : Invalid condition id : UX DEVICE CLASS RTOS Condition cause : null
2024-05-02 13:22:10,035 [WARN] ConditionMgr:1039 - genDependencies : Invalid condition id : UX DEVICE CLASS RTOS Condition cause : null
2024-05-02 13:22:10,035 [WARN] ConditionMgr:1039 - genDependencies : Invalid condition id : UX DEVICE CLASS RTOS Condition cause : null
2024-05-02 13:22:10,043 [WARN] PackLoader:240 - Cannot read IP mode file for STMicroelectronics.X-CUBE-SUBG2.5.0.0
2024-05-02 13:22:10,058 [WARN] PackLoader:240 - Cannot read IP mode file for STMicroelectronics.X-CUBE-AZRTOS-G4.2.0.0
2024-05-02 13:22:10,068 [WARN] PackLoader:240 - Cannot read IP mode file for Infineon.AIROC-Wi-Fi-Bluetooth-STM32.1.5.1
2024-05-02 13:22:10,073 [WARN] PackLoader:240 - Cannot read IP mode file for STMicroelectronics.FP-SNS-MOTENVWB1.1.3.1
2024-05-02 13:22:10,077 [WARN] PackLoader:240 - Cannot read IP mode file for STMicroelectronics.X-CUBE-ISPU.2.0.0
2024-05-02 13:22:10,104 [WARN] PackLoader:240 - Cannot read IP mode file for STMicroelectronics.X-CUBE-MEMS1.10.0.0
2024-05-02 13:22:10,203 [WARN] PackLoader:240 - Cannot read IP mode file for STMicroelectronics.X-CUBE-FREERTOS.1.1.0
2024-05-02 13:22:10,308 [WARN] PackLoader:240 - Cannot read IP mode file for portGmbH.I-Cube-SoM-uGOAL.1.1.0
2024-05-02 13:22:10,312 [WARN] PackLoader:240 - Cannot read IP mode file for STMicroelectronics.X-CUBE-ALS.1.0.1
2024-05-02 13:22:10,329 [WARN] PackLoader:240 - Cannot read IP mode file for STMicroelectronics.X-CUBE-AZRTOS-H7RS.1.0.0
2024-05-02 13:22:10,335 [WARN] PackLoader:240 - Cannot read IP mode file for STMicroelectronics.FP-ATR-ASTRA1.2.0.0
2024-05-02 13:22:10,343 [WARN] PackLoader:240 - Cannot read IP mode file for STMicroelectronics.X-CUBE-TOF1.3.4.0
2024-05-02 13:22:10,362 [WARN] PackLoader:240 - Cannot read IP mode file for STMicroelectronics.X-CUBE-TOF1.3.4.1
2024-05-02 13:22:10,389 [WARN] PackLoader:240 - Cannot read IP mode file for STMicroelectronics.X-CUBE-AZRTOS-H7.3.2.0
2024-05-02 13:22:10,393 [INFO] ThirdParty:978 - Integrity check success = true
2024-05-02 13:22:10,393 [INFO] IntegrityCheckThread:100 - exiting critical section [integrity check]
2024-05-02 13:22:10,393 [INFO] IntegrityCheckThread:103 - End integrity checks thread
2024-05-02 13:22:13,319 [INFO] WebApp:161 - Instantiating new browser for Auth
2024-05-02 13:22:13,901 [INFO] WebApp:780 - Register for checkConnection events
2024-05-02 13:22:13,901 [INFO] WebApp:414 - Apply proxy settings
2024-05-02 13:22:13,901 [INFO] WebApp:499 - Chromium requires no authentication
2024-05-02 13:22:13,907 [INFO] WebApp:442 - Direct internet connection detected
2024-05-02 13:22:14,029 [INFO] WebApp:192 - Starting web application
2024-05-02 13:22:14,029 [INFO] WebApp:544 - Web application path used C:\ST\STM32CubeIDE_1.14.1\STM32CubeIDE\plugins\com.st.stm32cube.common.mx_6.10.0.202311202037\db\plugins\mcufinder\reactClient1\index.html
2024-05-02 13:22:34,807 [ERROR] LogOutputStream:75 - [STDERR_REDIRECT] SLF4J: Failed to load class "org.slf4j.impl.StaticLoggerBinder".
2024-05-02 13:22:34,807 [ERROR] LogOutputStream:75 - [STDERR_REDIRECT] SLF4J: Defaulting to no-operation (NOP) logger implementation
2024-05-02 13:22:34,808 [ERROR] LogOutputStream:75 - [STDERR_REDIRECT] SLF4J: See http://www.slf4j.org/codes.html#StaticLoggerBinder for further details.
2024-05-02 13:23:20,847 [ERROR] LogOutputStream:75 - [STDERR_REDIRECT] 
2024-05-02 13:23:32,434 [INFO] Activator:176 - 


2024-05-02 13:23:32,436 [INFO] Activator:177 - !SESSION log4j initialized
2024-05-02 13:23:34,646 [INFO] LogOutputStream:77 - [STDOUT_REDIRECT] 
2024-05-02 13:23:40,996 [INFO] ApplicationProperties:184 - Using Application install path: C:\ST\STM32CubeIDE_1.14.1\STM32CubeIDE\plugins\com.st.stm32cube.common.mx_6.10.0.202311202037
2024-05-02 13:23:41,007 [INFO] DbMcusXml:78 - Set database path to: C:\ST\STM32CubeIDE_1.14.1\STM32CubeIDE\plugins\com.st.stm32cube.common.mx_6.10.0.202311202037\\db\/mcu/
2024-05-02 13:23:41,007 [INFO] ApiDb:274 - Set plugin database path to: C:\ST\STM32CubeIDE_1.14.1\STM32CubeIDE\plugins\com.st.stm32cube.common.mx_6.10.0.202311202037\\db\/plugins/boardmanager/
2024-05-02 13:23:41,007 [WARN] ApiDb:259 - Overriding images path with different value:  => C:\ST\STM32CubeIDE_1.14.1\STM32CubeIDE\plugins\com.st.stm32cube.common.mx_6.10.0.202311202037\\db\/plugins/mcufinder/images/
2024-05-02 13:23:41,011 [INFO] ApiDb:250 - Set database path to: C:\Users\chris\.stmcufinder\plugins\mcufinder//mcu/
2024-05-02 13:23:41,011 [INFO] DbMcusAds:125 - Set database path to: C:\Users\chris\.stmcufinder\plugins\mcufinder//mcu/
2024-05-02 13:23:41,013 [INFO] CrossReferenceDbSqlite:203 - Set database path to: C:\Users\chris\.stmcufinder\plugins\mcufinder//mcu/cs/
2024-05-02 13:23:41,087 [INFO] RulesReader:64 - Compatibility file has been processed (297 Rules)
2024-05-02 13:23:41,149 [INFO] DbMcusXml:78 - Set database path to: C:\ST\STM32CubeIDE_1.14.1\STM32CubeIDE\plugins\com.st.stm32cube.common.mx_6.10.0.202311202037\\db\/mcu/
2024-05-02 13:23:41,149 [INFO] ApiDb:274 - Set plugin database path to: C:\ST\STM32CubeIDE_1.14.1\STM32CubeIDE\plugins\com.st.stm32cube.common.mx_6.10.0.202311202037\\db\/plugins/boardmanager/
2024-05-02 13:23:41,149 [INFO] ApiDb:261 - Set plugin images path to: C:\ST\STM32CubeIDE_1.14.1\STM32CubeIDE\plugins\com.st.stm32cube.common.mx_6.10.0.202311202037\\db\/plugins/mcufinder/images/
2024-05-02 13:23:41,149 [WARN] DbFile:41 - Overriding database path with different value: C:\Users\chris\.stmcufinder\plugins\mcufinder/ => C:\Users\chris\.stmcufinder\plugins\mcufinder
2024-05-02 13:23:41,150 [INFO] ApiDb:250 - Set database path to: C:\Users\chris\.stmcufinder\plugins\mcufinder//mcu/
2024-05-02 13:23:41,150 [WARN] DbFile:41 - Overriding database path with different value: C:\Users\chris\.stmcufinder\plugins\mcufinder/ => C:\Users\chris\.stmcufinder\plugins\mcufinder
2024-05-02 13:23:41,150 [INFO] DbMcusAds:125 - Set database path to: C:\Users\chris\.stmcufinder\plugins\mcufinder//mcu/
2024-05-02 13:23:41,150 [WARN] DbFile:41 - Overriding database path with different value: C:\Users\chris\.stmcufinder\plugins\mcufinder/ => C:\Users\chris\.stmcufinder\plugins\mcufinder
2024-05-02 13:23:41,150 [WARN] DbFile:41 - Overriding database path with different value: C:\Users\chris\.stmcufinder\plugins\mcufinder/ => C:\Users\chris\.stmcufinder\plugins\mcufinder
2024-05-02 13:23:41,150 [INFO] CrossReferenceDbSqlite:203 - Set database path to: C:\Users\chris\.stmcufinder\plugins\mcufinder//mcu/cs/
2024-05-02 13:23:41,197 [INFO] MainPanel:264 - HeapMemory: 268435456
2024-05-02 13:23:41,241 [INFO] DbMcusXml:78 - Set database path to: C:\ST\STM32CubeIDE_1.14.1\STM32CubeIDE\plugins\com.st.stm32cube.common.mx_6.10.0.202311202037\\db\/mcu/
2024-05-02 13:23:41,241 [INFO] ApiDb:274 - Set plugin database path to: C:\ST\STM32CubeIDE_1.14.1\STM32CubeIDE\plugins\com.st.stm32cube.common.mx_6.10.0.202311202037\\db\/plugins/boardmanager/
2024-05-02 13:23:41,242 [INFO] ApiDb:261 - Set plugin images path to: C:\ST\STM32CubeIDE_1.14.1\STM32CubeIDE\plugins\com.st.stm32cube.common.mx_6.10.0.202311202037\\db\/plugins/mcufinder/images/
2024-05-02 13:23:41,242 [WARN] DbFile:41 - Overriding database path with different value: C:\Users\chris\.stmcufinder\plugins\mcufinder/ => C:\Users\chris\.stmcufinder\plugins\mcufinder
2024-05-02 13:23:41,242 [INFO] ApiDb:250 - Set database path to: C:\Users\chris\.stmcufinder\plugins\mcufinder//mcu/
2024-05-02 13:23:41,242 [WARN] DbFile:41 - Overriding database path with different value: C:\Users\chris\.stmcufinder\plugins\mcufinder/ => C:\Users\chris\.stmcufinder\plugins\mcufinder
2024-05-02 13:23:41,242 [INFO] DbMcusAds:125 - Set database path to: C:\Users\chris\.stmcufinder\plugins\mcufinder//mcu/
2024-05-02 13:23:41,242 [WARN] DbFile:41 - Overriding database path with different value: C:\Users\chris\.stmcufinder\plugins\mcufinder/ => C:\Users\chris\.stmcufinder\plugins\mcufinder
2024-05-02 13:23:41,242 [WARN] DbFile:41 - Overriding database path with different value: C:\Users\chris\.stmcufinder\plugins\mcufinder/ => C:\Users\chris\.stmcufinder\plugins\mcufinder
2024-05-02 13:23:41,242 [INFO] CrossReferenceDbSqlite:203 - Set database path to: C:\Users\chris\.stmcufinder\plugins\mcufinder//mcu/cs/
2024-05-02 13:23:41,254 [INFO] ApplicationProperties:184 - Using Application install path: C:\ST\STM32CubeIDE_1.14.1\STM32CubeIDE\plugins\com.st.stm32cube.common.mx_6.10.0.202311202037
2024-05-02 13:23:41,255 [INFO] PluginManage:196 - Search for loadable plugins [exclusion list=, ]
2024-05-02 13:23:41,256 [INFO] PluginManage:310 - Check plugin analytics
2024-05-02 13:23:46,333 [INFO] AnalyticsPlugin:253 - Accepted Software Licenses: STM32CubeMX.6.10.0
2024-05-02 13:23:46,333 [INFO] AnalyticsPlugin:255 - Accepted CMSIS Pack Licenses: STMicroelectronics.X-CUBE-FREERTOS.1.1.0
2024-05-02 13:23:46,333 [INFO] AnalyticsPlugin:257 - Accepted Firmware Licenses: FW.C0.1.1.0
2024-05-02 13:23:46,335 [INFO] PluginManage:359 - Loaded plugin analytics (category:tool,tabindex:-1)
2024-05-02 13:23:46,336 [INFO] PluginManage:310 - Check plugin cadmodel
2024-05-02 13:23:46,338 [INFO] CADModel:105 - Init CAD model plugin
2024-05-02 13:23:46,338 [INFO] PluginManage:359 - Loaded plugin cadmodel (category:power,tabindex:5)
2024-05-02 13:23:46,338 [INFO] PluginManage:310 - Check plugin clock
2024-05-02 13:23:46,344 [INFO] PluginManage:359 - Loaded plugin clock (category:base,tabindex:2)
2024-05-02 13:23:46,344 [INFO] PluginManage:310 - Check plugin ddr
2024-05-02 13:23:46,345 [INFO] PluginManage:359 - Loaded plugin ddr (category:tool,tabindex:6)
2024-05-02 13:23:46,346 [INFO] PluginManage:310 - Check plugin filemanager
2024-05-02 13:23:46,434 [INFO] PluginManage:359 - Loaded plugin filemanager (category:base,tabindex:10)
2024-05-02 13:23:46,434 [INFO] PluginManage:310 - Check plugin ipmanager
2024-05-02 13:23:46,438 [INFO] PluginManage:359 - Loaded plugin ipmanager (category:base,tabindex:5)
2024-05-02 13:23:46,438 [INFO] PluginManage:310 - Check plugin lpbam
2024-05-02 13:23:46,443 [INFO] PluginManage:359 - Loaded plugin lpbam (category:base,tabindex:0)
2024-05-02 13:23:46,444 [INFO] PluginManage:310 - Check plugin memorymap
2024-05-02 13:23:46,450 [INFO] PluginManage:359 - Loaded plugin memorymap (category:base,tabindex:4)
2024-05-02 13:23:46,450 [INFO] PluginManage:310 - Check plugin pinoutandconfiguration
2024-05-02 13:23:46,454 [INFO] PluginManage:359 - Loaded plugin pinoutandconfiguration (category:base,tabindex:1)
2024-05-02 13:23:46,454 [INFO] PluginManage:310 - Check plugin pinoutconfig
2024-05-02 13:23:46,517 [WARN] SupportedApi:132 - Cannot load RTOS API schema: s4s-elt-must-match.1: The content of 'definitions' must match (annotation?, (simpleType | complexType)?, (unique | key | keyref)*)). A problem was found starting at: attribute.
2024-05-02 13:23:46,602 [INFO] PluginManage:359 - Loaded plugin pinoutconfig (category:base,tabindex:0)
2024-05-02 13:23:46,602 [INFO] PluginManage:310 - Check plugin power
2024-05-02 13:23:46,608 [INFO] PluginManage:359 - Loaded plugin power (category:power,tabindex:4)
2024-05-02 13:23:46,608 [INFO] PluginManage:310 - Check plugin projectmanager
2024-05-02 13:23:46,620 [INFO] PluginManage:359 - Loaded plugin projectmanager (category:projectmanager,tabindex:3)
2024-05-02 13:23:46,620 [INFO] PluginManage:310 - Check plugin thirdparty
2024-05-02 13:23:46,698 [INFO] PluginManage:359 - Loaded plugin thirdparty (category:base,tabindex:-1)
2024-05-02 13:23:46,698 [INFO] PluginManage:310 - Check plugin tools
2024-05-02 13:23:46,698 [WARN] IntegrityCheckThread:84 - waiting for thirdparty lock release [integrity check]
2024-05-02 13:23:46,699 [INFO] IntegrityCheckThread:86 - entering critical section [integrity check]
2024-05-02 13:23:46,699 [INFO] ThirdPartyUpdaterWithRetryManager:70 - Updater plugin not ready yet. [1/15]
2024-05-02 13:23:46,700 [INFO] PluginManage:359 - Loaded plugin tools (category:base,tabindex:7)
2024-05-02 13:23:46,700 [INFO] PluginManage:310 - Check plugin tutovideos
2024-05-02 13:23:46,807 [INFO] PluginManage:359 - Loaded plugin tutovideos (category:base,tabindex:-1)
2024-05-02 13:23:46,807 [INFO] PluginManage:310 - Check plugin updater
2024-05-02 13:23:46,813 [INFO] PluginManage:359 - Loaded plugin updater (category:base,tabindex:12)
2024-05-02 13:23:46,813 [INFO] PluginManage:310 - Check plugin userauth
2024-05-02 13:23:46,816 [INFO] UserAuth:114 - Init User Auth plugin
2024-05-02 13:23:46,817 [INFO] PluginManage:359 - Loaded plugin userauth (category:base,tabindex:14)
2024-05-02 13:23:46,817 [INFO] PluginManage:283 - PluginManage : Loaded plugins [17]
2024-05-02 13:23:46,947 [INFO] PinOutPanel:1499 - setPackage(No Configuration,No Configuration)
2024-05-02 13:23:46,993 [INFO] CADModel:165 - CPN selected for project level
2024-05-02 13:23:46,993 [INFO] CADModel:114 - Register for checkConnection events
2024-05-02 13:23:47,003 [INFO] IPUIPlugin:80 - create IPUIPlugin
2024-05-02 13:23:47,003 [INFO] PluginManager:220 - loadIPPluginJar : add adc
2024-05-02 13:23:47,004 [INFO] IPUIPlugin:80 - create IPUIPlugin
2024-05-02 13:23:47,004 [INFO] PluginManager:220 - loadIPPluginJar : add aes
2024-05-02 13:23:47,005 [INFO] IPUIPlugin:80 - create IPUIPlugin
2024-05-02 13:23:47,005 [INFO] PluginManager:220 - loadIPPluginJar : add can
2024-05-02 13:23:47,006 [INFO] IPUIPlugin:80 - create IPUIPlugin
2024-05-02 13:23:47,006 [INFO] PluginManager:220 - loadIPPluginJar : add comp
2024-05-02 13:23:47,007 [INFO] IPUIPlugin:80 - create IPUIPlugin
2024-05-02 13:23:47,007 [INFO] PluginManager:220 - loadIPPluginJar : add cryp
2024-05-02 13:23:47,009 [INFO] IPUIPlugin:80 - create IPUIPlugin
2024-05-02 13:23:47,009 [INFO] PluginManager:220 - loadIPPluginJar : add dfsdm
2024-05-02 13:23:47,012 [INFO] IPUIPlugin:80 - create IPUIPlugin
2024-05-02 13:23:47,013 [INFO] PluginManager:220 - loadIPPluginJar : add dma
2024-05-02 13:23:47,014 [INFO] IPUIPlugin:80 - create IPUIPlugin
2024-05-02 13:23:47,014 [INFO] PluginManager:220 - loadIPPluginJar : add dma3
2024-05-02 13:23:47,015 [INFO] IPUIPlugin:80 - create IPUIPlugin
2024-05-02 13:23:47,015 [INFO] PluginManager:220 - loadIPPluginJar : add fatfs
2024-05-02 13:23:47,017 [INFO] IPUIPlugin:80 - create IPUIPlugin
2024-05-02 13:23:47,017 [INFO] PluginManager:220 - loadIPPluginJar : add fmc
2024-05-02 13:23:47,021 [INFO] IPUIPlugin:80 - create IPUIPlugin
2024-05-02 13:23:47,021 [INFO] PluginManager:220 - loadIPPluginJar : add freertos
2024-05-02 13:23:47,022 [INFO] IPUIPlugin:80 - create IPUIPlugin
2024-05-02 13:23:47,022 [INFO] PluginManager:220 - loadIPPluginJar : add genericplugin
2024-05-02 13:23:47,023 [INFO] IPUIPlugin:80 - create IPUIPlugin
2024-05-02 13:23:47,024 [INFO] PluginManager:220 - loadIPPluginJar : add gfxmmu
2024-05-02 13:23:47,026 [INFO] IPUIPlugin:80 - create IPUIPlugin
2024-05-02 13:23:47,027 [INFO] PluginManager:220 - loadIPPluginJar : add gic
2024-05-02 13:23:47,030 [INFO] IPUIPlugin:80 - create IPUIPlugin
2024-05-02 13:23:47,030 [INFO] PluginManager:220 - loadIPPluginJar : add gpio
2024-05-02 13:23:47,031 [INFO] IPUIPlugin:80 - create IPUIPlugin
2024-05-02 13:23:47,031 [INFO] PluginManager:220 - loadIPPluginJar : add gtzc
2024-05-02 13:23:47,033 [INFO] IPUIPlugin:80 - create IPUIPlugin
2024-05-02 13:23:47,033 [INFO] PluginManager:220 - loadIPPluginJar : add hash
2024-05-02 13:23:47,034 [INFO] IPUIPlugin:80 - create IPUIPlugin
2024-05-02 13:23:47,034 [INFO] PluginManager:220 - loadIPPluginJar : add i2c
2024-05-02 13:23:47,035 [INFO] IPUIPlugin:80 - create IPUIPlugin
2024-05-02 13:23:47,035 [INFO] PluginManager:220 - loadIPPluginJar : add i2s
2024-05-02 13:23:47,037 [INFO] IPUIPlugin:80 - create IPUIPlugin
2024-05-02 13:23:47,037 [INFO] PluginManager:220 - loadIPPluginJar : add i3c
2024-05-02 13:23:47,039 [INFO] IPUIPlugin:80 - create IPUIPlugin
2024-05-02 13:23:47,039 [INFO] PluginManager:220 - loadIPPluginJar : add ipddr
2024-05-02 13:23:47,043 [INFO] IPUIPlugin:80 - create IPUIPlugin
2024-05-02 13:23:47,043 [INFO] PluginManager:220 - loadIPPluginJar : add linkedlist
2024-05-02 13:23:47,045 [INFO] IPUIPlugin:80 - create IPUIPlugin
2024-05-02 13:23:47,045 [INFO] PluginManager:220 - loadIPPluginJar : add lorawan
2024-05-02 13:23:47,046 [INFO] IPUIPlugin:80 - create IPUIPlugin
2024-05-02 13:23:47,046 [INFO] PluginManager:220 - loadIPPluginJar : add ltdc
2024-05-02 13:23:47,049 [INFO] IPUIPlugin:80 - create IPUIPlugin
2024-05-02 13:23:47,050 [INFO] PluginManager:220 - loadIPPluginJar : add mdma
2024-05-02 13:23:47,052 [INFO] IPUIPlugin:80 - create IPUIPlugin
2024-05-02 13:23:47,052 [INFO] PluginManager:220 - loadIPPluginJar : add nvic
2024-05-02 13:23:47,053 [INFO] IPUIPlugin:80 - create IPUIPlugin
2024-05-02 13:23:47,053 [INFO] PluginManager:220 - loadIPPluginJar : add opamp
2024-05-02 13:23:47,055 [INFO] IPUIPlugin:80 - create IPUIPlugin
2024-05-02 13:23:47,055 [INFO] PluginManager:220 - loadIPPluginJar : add openamp
2024-05-02 13:23:47,056 [INFO] IPUIPlugin:80 - create IPUIPlugin
2024-05-02 13:23:47,057 [INFO] PluginManager:220 - loadIPPluginJar : add pdm2pcm
2024-05-02 13:23:47,060 [INFO] IPUIPlugin:80 - create IPUIPlugin
2024-05-02 13:23:47,062 [INFO] PluginManager:220 - loadIPPluginJar : add plateformsettings
2024-05-02 13:23:47,063 [INFO] IPUIPlugin:80 - create IPUIPlugin
2024-05-02 13:23:47,063 [INFO] PluginManager:220 - loadIPPluginJar : add quadspi
2024-05-02 13:23:47,065 [INFO] IPUIPlugin:80 - create IPUIPlugin
2024-05-02 13:23:47,065 [INFO] PluginManager:220 - loadIPPluginJar : add resmgrutility
2024-05-02 13:23:47,066 [INFO] IPUIPlugin:80 - create IPUIPlugin
2024-05-02 13:23:47,066 [INFO] PluginManager:220 - loadIPPluginJar : add sai
2024-05-02 13:23:47,067 [INFO] IPUIPlugin:80 - create IPUIPlugin
2024-05-02 13:23:47,067 [INFO] PluginManager:220 - loadIPPluginJar : add spi
2024-05-02 13:23:47,070 [INFO] IPUIPlugin:80 - create IPUIPlugin
2024-05-02 13:23:47,070 [INFO] PluginManager:220 - loadIPPluginJar : add stm32_wpan
2024-05-02 13:23:47,071 [INFO] IPUIPlugin:80 - create IPUIPlugin
2024-05-02 13:23:47,071 [INFO] PluginManager:220 - loadIPPluginJar : add tim
2024-05-02 13:23:47,073 [INFO] IPUIPlugin:80 - create IPUIPlugin
2024-05-02 13:23:47,073 [INFO] PluginManager:220 - loadIPPluginJar : add touchsensing
2024-05-02 13:23:47,075 [INFO] IPUIPlugin:80 - create IPUIPlugin
2024-05-02 13:23:47,075 [INFO] PluginManager:220 - loadIPPluginJar : add tracer_emb
2024-05-02 13:23:47,075 [INFO] IPUIPlugin:80 - create IPUIPlugin
2024-05-02 13:23:47,075 [INFO] PluginManager:220 - loadIPPluginJar : add ts
2024-05-02 13:23:47,076 [INFO] IPUIPlugin:80 - create IPUIPlugin
2024-05-02 13:23:47,076 [INFO] PluginManager:220 - loadIPPluginJar : add tsc
2024-05-02 13:23:47,077 [INFO] IPUIPlugin:80 - create IPUIPlugin
2024-05-02 13:23:47,077 [INFO] PluginManager:220 - loadIPPluginJar : add ucpd
2024-05-02 13:23:47,078 [INFO] IPUIPlugin:80 - create IPUIPlugin
2024-05-02 13:23:47,078 [INFO] PluginManager:220 - loadIPPluginJar : add usart
2024-05-02 13:23:47,080 [INFO] IPUIPlugin:80 - create IPUIPlugin
2024-05-02 13:23:47,080 [INFO] PluginManager:220 - loadIPPluginJar : add usbx
2024-05-02 13:23:47,192 [INFO] CADModel:165 - CPN selected for project level
2024-05-02 13:23:47,192 [INFO] CADModel:114 - Register for checkConnection events
2024-05-02 13:23:47,193 [FATAL] Updater:308 - Updater called before beeing initialized
2024-05-02 13:23:47,193 [ERROR] CADModel:125 - Updater not yet initialized, retry later 
2024-05-02 13:23:47,282 [INFO] CADModel:165 - CPN selected for project level
2024-05-02 13:23:47,282 [INFO] CADModel:114 - Register for checkConnection events
2024-05-02 13:23:47,283 [FATAL] Updater:308 - Updater called before beeing initialized
2024-05-02 13:23:47,283 [ERROR] CADModel:125 - Updater not yet initialized, retry later 
2024-05-02 13:23:47,285 [FATAL] Updater:308 - Updater called before beeing initialized
2024-05-02 13:23:47,354 [FATAL] Updater:308 - Updater called before beeing initialized
2024-05-02 13:23:47,359 [INFO] DbMcusAds:53 - JSON generation date=Wed Nov 29 11:52:27 CET 2023 (1701255147349)
2024-05-02 13:23:47,360 [FATAL] Updater:308 - Updater called before beeing initialized
2024-05-02 13:23:47,385 [WARN] DetailPanel:346 - Failed to get advertising image, set to default
2024-05-02 13:23:47,461 [FATAL] Updater:308 - Updater called before beeing initialized
2024-05-02 13:23:47,462 [FATAL] Updater:308 - Updater called before beeing initialized
2024-05-02 13:23:47,462 [FATAL] Updater:308 - Updater called before beeing initialized
2024-05-02 13:23:47,463 [WARN] DetailPanel:346 - Failed to get advertising image, set to default
2024-05-02 13:23:47,463 [FATAL] Updater:308 - Updater called before beeing initialized
2024-05-02 13:23:47,496 [ERROR] Updater:1120 - MainUpdater not yet initialized. External WinMGr cannot be set.
2024-05-02 13:23:47,497 [INFO] Updater:1056 - Updater Version found : 6.10.0
2024-05-02 13:23:47,509 [INFO] ApplicationProperties:184 - Using Application install path: C:\ST\STM32CubeIDE_1.14.1\STM32CubeIDE\plugins\com.st.stm32cube.common.mx_6.10.0.202311202037
2024-05-02 13:23:47,793 [INFO] MainUpdater:2873 - connection check result : 10
2024-05-02 13:23:47,793 [INFO] MainUpdater:290 - Updater Check For Update Now.
2024-05-02 13:23:47,793 [INFO] MicroXplorer:498 - Change Database Version : DB.6.0.100
2024-05-02 13:23:47,800 [INFO] McuFinderGlobals:63 - Set McuFinder mode to 2 (CubeIDE integrated)
2024-05-02 13:23:47,957 [INFO] UserAuth:404 - Internet connection configuration mode: 1
2024-05-02 13:23:47,965 [INFO] JxBrowserEngine:152 - Initiate JxBrowser Engine with user profile folder
2024-05-02 13:23:47,973 [INFO] CheckServerUpdateThread:120 - End of CheckServer Thread
2024-05-02 13:23:48,410 [INFO] WebApp:161 - Instantiating new browser for Auth
2024-05-02 13:23:48,809 [INFO] WebApp:780 - Register for checkConnection events
2024-05-02 13:23:48,809 [INFO] WebApp:414 - Apply proxy settings
2024-05-02 13:23:48,809 [INFO] WebApp:499 - Chromium requires no authentication
2024-05-02 13:23:48,813 [INFO] WebApp:442 - Direct internet connection detected
2024-05-02 13:23:48,908 [INFO] WebApp:192 - Starting web application
2024-05-02 13:23:48,909 [INFO] WebApp:544 - Web application path used C:\ST\STM32CubeIDE_1.14.1\STM32CubeIDE\plugins\com.st.stm32cube.common.mx_6.10.0.202311202037\db\plugins\mcufinder\reactClient1\index.html
2024-05-02 13:23:49,811 [WARN] PackLoader:240 - Cannot read IP mode file for STMicroelectronics.FP-SNS-MOTENVWB1.1.4.0
2024-05-02 13:23:49,820 [WARN] PackLoader:240 - Cannot read IP mode file for STMicroelectronics.X-CUBE-SMBUS.2.1.0
2024-05-02 13:23:49,861 [WARN] PackLoader:240 - Cannot read IP mode file for STMicroelectronics.X-CUBE-TOUCHGFX.4.23.1
2024-05-02 13:23:49,863 [WARN] PackLoader:240 - Cannot read IP mode file for STMicroelectronics.X-CUBE-TOUCHGFX.4.23.0
2024-05-02 13:23:49,866 [WARN] PackLoader:240 - Cannot read IP mode file for STMicroelectronics.X-CUBE-TOUCHGFX.4.23.2
2024-05-02 13:23:49,889 [WARN] PackLoader:240 - Cannot read IP mode file for STMicroelectronics.X-CUBE-AZRTOS-F7.1.1.0
2024-05-02 13:23:49,899 [WARN] PackLoader:240 - Cannot read IP mode file for STMicroelectronics.FP-SNS-MOTENV1.4.3.2
2024-05-02 13:23:49,904 [WARN] PackLoader:240 - Cannot read IP mode file for STMicroelectronics.FP-SNS-FLIGHT1.5.0.2
2024-05-02 13:23:49,913 [WARN] PackLoader:240 - Cannot read IP mode file for STMicroelectronics.X-CUBE-DISPLAY.3.0.0
2024-05-02 13:23:49,929 [WARN] PackLoader:240 - Cannot read IP mode file for STMicroelectronics.X-CUBE-BLE1.7.0.0
2024-05-02 13:23:49,934 [WARN] PackLoader:240 - Cannot read IP mode file for emotas.I-CUBE-CANOPEN.1.3.0
2024-05-02 13:23:49,945 [WARN] PackLoader:240 - Cannot read IP mode file for STMicroelectronics.X-CUBE-BLEMGR.3.1.0
2024-05-02 13:23:49,952 [WARN] PackLoader:240 - Cannot read IP mode file for STMicroelectronics.FP-SNS-SMARTAG2.1.2.0
2024-05-02 13:23:49,961 [INFO] LogOutputStream:77 - [STDOUT_REDIRECT] 1 : Invalid condition id : UX_CORESTACK_Condition cause : null
2024-05-02 13:23:49,963 [INFO] LogOutputStream:77 - [STDOUT_REDIRECT] 1 : Invalid condition id : UX_CORESTACK_Condition cause : null
2024-05-02 13:23:49,964 [INFO] LogOutputStream:77 - [STDOUT_REDIRECT] 1 : Invalid condition id : UX_CORESTACK_Condition cause : null
2024-05-02 13:23:49,965 [INFO] LogOutputStream:77 - [STDOUT_REDIRECT] 1 : Invalid condition id : UX_CORESTACK_Condition cause : null
2024-05-02 13:23:49,967 [INFO] LogOutputStream:77 - [STDOUT_REDIRECT] 1 : Invalid condition id : UX_CORESTACK_Condition cause : null
2024-05-02 13:23:49,971 [WARN] PackLoader:240 - Cannot read IP mode file for STMicroelectronics.X-CUBE-AZRTOS-WL.2.0.0
2024-05-02 13:23:49,976 [WARN] PackLoader:240 - Cannot read IP mode file for STMicroelectronics.FP-SNS-MOTENV1.5.0.0
2024-05-02 13:23:49,989 [WARN] PackLoader:240 - Cannot read IP mode file for WES.I-CUBE-Cesium.1.3.0
2024-05-02 13:23:49,994 [WARN] PackLoader:240 - Cannot read IP mode file for STMicroelectronics.X-CUBE-BLE2.3.3.0
2024-05-02 13:23:49,999 [WARN] PackLoader:240 - Cannot read IP mode file for STMicroelectronics.X-CUBE-TCPP.4.1.0
2024-05-02 13:23:50,006 [WARN] PackLoader:240 - Cannot read IP mode file for STMicroelectronics.X-CUBE-ALGOBUILD.1.3.0
2024-05-02 13:23:50,021 [WARN] PackLoader:240 - Cannot read IP mode file for STMicroelectronics.X-CUBE-AZRTOS-G0.1.1.0
2024-05-02 13:23:50,028 [WARN] PackLoader:240 - Cannot read IP mode file for STMicroelectronics.X-CUBE-SAFEA1.1.2.2
2024-05-02 13:23:50,034 [WARN] PackLoader:240 - Cannot read IP mode file for STMicroelectronics.X-CUBE-NFC4.3.0.0
2024-05-02 13:23:50,043 [WARN] PackLoader:240 - Cannot read IP mode file for STMicroelectronics.X-CUBE-BLEMGR.3.0.0
2024-05-02 13:23:50,048 [WARN] PackLoader:240 - Cannot read IP mode file for STMicroelectronics.FP-ATR-SIGFOX1.3.2.0
2024-05-02 13:23:50,053 [WARN] PackLoader:240 - Cannot read IP mode file for STMicroelectronics.X-CUBE-EEPRMA1.5.1.0
2024-05-02 13:23:50,121 [WARN] PackLoader:240 - Cannot read IP mode file for SEGGER.I-CUBE-embOS.1.3.1
2024-05-02 13:23:50,160 [WARN] PackLoader:240 - Cannot read IP mode file for STMicroelectronics.X-CUBE-GNSS1.6.0.0
2024-05-02 13:23:50,173 [WARN] PackLoader:240 - Cannot read IP mode file for STMicroelectronics.X-CUBE-AZRTOS-F4.1.1.0
2024-05-02 13:23:50,179 [WARN] PackLoader:240 - Cannot read IP mode file for STMicroelectronics.X-CUBE-FREERTOS.1.2.0
2024-05-02 13:23:50,183 [WARN] PackLoader:240 - Cannot read IP mode file for wolfSSL.I-CUBE-wolfSSL.5.6.6
2024-05-02 13:23:50,196 [WARN] PackLoader:240 - Cannot read IP mode file for STMicroelectronics.X-CUBE-AZRTOS-L5.2.0.0
2024-05-02 13:23:50,204 [WARN] PackLoader:240 - Cannot read IP mode file for STMicroelectronics.X-CUBE-NFC6.3.1.0
2024-05-02 13:23:50,209 [WARN] PackLoader:240 - Cannot read IP mode file for ITTIA_DB.I-CUBE-ITTIADB.8.8.0
2024-05-02 13:23:50,212 [WARN] PackLoader:240 - Cannot read IP mode file for STMicroelectronics.X-CUBE-AI.9.0.0
2024-05-02 13:23:50,216 [WARN] PackLoader:240 - Cannot read IP mode file for STMicroelectronics.X-CUBE-NFC7.1.0.1
2024-05-02 13:23:50,220 [WARN] PackLoader:240 - Cannot read IP mode file for STMicroelectronics.X-CUBE-NFC6.3.0.0
2024-05-02 13:23:50,224 [WARN] PackLoader:240 - Cannot read IP mode file for STMicroelectronics.X-CUBE-AI.8.1.0
2024-05-02 13:23:50,235 [WARN] ConditionMgr:438 - getConditionDescription Invalid condition id : LAN8742 Phy interface Condition cause : null
2024-05-02 13:23:50,235 [WARN] PackLoader:240 - Cannot read IP mode file for STMicroelectronics.X-CUBE-AZRTOS-L4.2.0.0
2024-05-02 13:23:50,236 [WARN] ConditionMgr:1039 - genDependencies : Invalid condition id : LAN8742 Phy interface Condition cause : null
2024-05-02 13:23:50,236 [WARN] ConditionMgr:1039 - genDependencies : Invalid condition id : LAN8742 Phy interface Condition cause : null
2024-05-02 13:23:50,236 [WARN] ConditionMgr:1039 - genDependencies : Invalid condition id : LAN8742 Phy interface Condition cause : null
2024-05-02 13:23:50,242 [WARN] PackLoader:240 - Cannot read IP mode file for STMicroelectronics.X-CUBE-SFXS2LP1.4.0.0
2024-05-02 13:23:50,249 [WARN] ConditionMgr:438 - getConditionDescription Invalid condition id : UX DEVICE CLASS RTOS Condition cause : null
2024-05-02 13:23:50,249 [WARN] ConditionMgr:438 - getConditionDescription Invalid condition id : UX DEVICE CLASS RTOS Condition cause : null
2024-05-02 13:23:50,250 [WARN] PackLoader:240 - Cannot read IP mode file for STMicroelectronics.X-CUBE-AZRTOS-WB.2.0.0
2024-05-02 13:23:50,251 [WARN] ConditionMgr:1039 - genDependencies : Invalid condition id : UX DEVICE CLASS RTOS Condition cause : null
2024-05-02 13:23:50,251 [WARN] ConditionMgr:1039 - genDependencies : Invalid condition id : UX DEVICE CLASS RTOS Condition cause : null
2024-05-02 13:23:50,251 [WARN] ConditionMgr:1039 - genDependencies : Invalid condition id : UX DEVICE CLASS RTOS Condition cause : null
2024-05-02 13:23:50,251 [WARN] ConditionMgr:1039 - genDependencies : Invalid condition id : UX DEVICE CLASS RTOS Condition cause : null
2024-05-02 13:23:50,251 [WARN] ConditionMgr:1039 - genDependencies : Invalid condition id : UX DEVICE CLASS RTOS Condition cause : null
2024-05-02 13:23:50,257 [WARN] PackLoader:240 - Cannot read IP mode file for STMicroelectronics.X-CUBE-SUBG2.5.0.0
2024-05-02 13:23:50,269 [WARN] PackLoader:240 - Cannot read IP mode file for STMicroelectronics.X-CUBE-AZRTOS-G4.2.0.0
2024-05-02 13:23:50,284 [WARN] PackLoader:240 - Cannot read IP mode file for Infineon.AIROC-Wi-Fi-Bluetooth-STM32.1.5.1
2024-05-02 13:23:50,289 [WARN] PackLoader:240 - Cannot read IP mode file for STMicroelectronics.FP-SNS-MOTENVWB1.1.3.1
2024-05-02 13:23:50,292 [WARN] PackLoader:240 - Cannot read IP mode file for STMicroelectronics.X-CUBE-ISPU.2.0.0
2024-05-02 13:23:50,316 [WARN] PackLoader:240 - Cannot read IP mode file for STMicroelectronics.X-CUBE-MEMS1.10.0.0
2024-05-02 13:23:50,402 [WARN] PackLoader:240 - Cannot read IP mode file for STMicroelectronics.X-CUBE-FREERTOS.1.1.0
2024-05-02 13:23:50,491 [WARN] PackLoader:240 - Cannot read IP mode file for portGmbH.I-Cube-SoM-uGOAL.1.1.0
2024-05-02 13:23:50,494 [WARN] PackLoader:240 - Cannot read IP mode file for STMicroelectronics.X-CUBE-ALS.1.0.1
2024-05-02 13:23:50,504 [WARN] PackLoader:240 - Cannot read IP mode file for STMicroelectronics.X-CUBE-AZRTOS-H7RS.1.0.0
2024-05-02 13:23:50,508 [WARN] PackLoader:240 - Cannot read IP mode file for STMicroelectronics.FP-ATR-ASTRA1.2.0.0
2024-05-02 13:23:50,515 [WARN] PackLoader:240 - Cannot read IP mode file for STMicroelectronics.X-CUBE-TOF1.3.4.0
2024-05-02 13:23:50,529 [WARN] PackLoader:240 - Cannot read IP mode file for STMicroelectronics.X-CUBE-TOF1.3.4.1
2024-05-02 13:23:50,546 [WARN] PackLoader:240 - Cannot read IP mode file for STMicroelectronics.X-CUBE-AZRTOS-H7.3.2.0
2024-05-02 13:23:50,549 [INFO] ThirdParty:978 - Integrity check success = true
2024-05-02 13:23:50,549 [INFO] IntegrityCheckThread:100 - exiting critical section [integrity check]
2024-05-02 13:23:50,549 [INFO] IntegrityCheckThread:103 - End integrity checks thread
